[2022-12-08 12:42:37] [ INFO ] [OdontologoService:43] Se inicio una busqueda de odontologos
[2022-12-08 12:42:42] [ INFO ] [OdontologoService:27] Se inicio un guardado de odontologo
[2022-12-08 12:42:44] [ INFO ] [OdontologoService:43] Se inicio una busqueda de odontologos
[2022-12-08 12:42:45] [ INFO ] [OdontologoService:39] Se inicio una busqueda por id de odontologo
[2022-12-08 12:42:48] [ INFO ] [OdontologoService:39] Se inicio una busqueda por id de odontologo
[2022-12-08 12:42:48] [ INFO ] [OdontologoService:35] Se inicio una actualizacion de odontologo
[2022-12-08 12:42:48] [ INFO ] [OdontologoService:43] Se inicio una busqueda de odontologos
[2022-12-08 13:08:44] [ INFO ] [OdontologoService:43] Se inicio una busqueda de odontologos
[2022-12-08 13:08:48] [ INFO ] [OdontologoService:27] Se inicio un guardado de odontologo
[2022-12-08 13:08:50] [ INFO ] [OdontologoService:43] Se inicio una busqueda de odontologos
[2022-12-08 13:08:52] [ INFO ] [OdontologoService:39] Se inicio una busqueda por id de odontologo
[2022-12-08 13:08:55] [ INFO ] [OdontologoService:39] Se inicio una busqueda por id de odontologo
[2022-12-08 13:08:55] [ INFO ] [OdontologoService:35] Se inicio una actualizacion de odontologo
[2022-12-08 13:08:55] [ INFO ] [OdontologoService:43] Se inicio una busqueda de odontologos
[2022-12-08 13:20:07] [ INFO ] [PacienteService:42] Se inicio una busqueda de turnos
[2022-12-08 13:20:16] [ INFO ] [PacienteService:26] Se inicio un guardado de paciente con id: null
[2022-12-08 13:20:18] [ INFO ] [PacienteService:42] Se inicio una busqueda de turnos
[2022-12-08 13:20:20] [ INFO ] [TurnoService:59] Se inicio una busqueda de turnos
[2022-12-08 13:20:21] [ INFO ] [PacienteService:42] Se inicio una busqueda de turnos
[2022-12-08 13:20:21] [ INFO ] [OdontologoService:43] Se inicio una busqueda de odontologos
[2022-12-08 13:20:25] [ INFO ] [TurnoService:30] Se inicio un guardado de turno
[2022-12-08 13:20:25] [ INFO ] [PacienteService:42] Se inicio una busqueda de turnos
[2022-12-08 13:20:25] [ INFO ] [OdontologoService:43] Se inicio una busqueda de odontologos
[2022-12-08 13:20:26] [ INFO ] [TurnoService:59] Se inicio una busqueda de turnos
[2022-12-08 13:20:27] [ INFO ] [TurnoService:48] Se inicio una busqueda por id de turno
[2022-12-08 13:20:30] [ INFO ] [PacienteService:42] Se inicio una busqueda de turnos
[2022-12-08 13:20:31] [ INFO ] [PacienteService:38] Se inicio una busqueda por id de turno
[2022-12-08 13:20:34] [ INFO ] [PacienteService:38] Se inicio una busqueda por id de turno
[2022-12-08 13:20:34] [ INFO ] [PacienteService:34] Se inicio una actualizacion de paciente con id: 1
[2022-12-08 13:20:34] [ INFO ] [PacienteService:42] Se inicio una busqueda de turnos
[2022-12-08 13:20:38] [ INFO ] [OdontologoService:43] Se inicio una busqueda de odontologos
[2022-12-08 13:20:39] [ INFO ] [OdontologoService:39] Se inicio una busqueda por id de odontologo
[2022-12-08 13:20:43] [ INFO ] [OdontologoService:39] Se inicio una busqueda por id de odontologo
[2022-12-08 13:20:43] [ INFO ] [OdontologoService:35] Se inicio una actualizacion de odontologo
[2022-12-08 13:20:43] [ INFO ] [OdontologoService:43] Se inicio una busqueda de odontologos
[2022-12-08 13:20:44] [ INFO ] [TurnoService:59] Se inicio una busqueda de turnos
